build/app/intermediates/manifest_merge_blame_file/release/manifest-merger-blame-release-report.txt
1<?xml version="1.0" encoding="utf-8"?>
2<manifest xmlns:android="http://schemas.android.com/apk/res/android"
3    package="com.luisnu.natura_app"
4    android:versionCode="1"
5    android:versionName="1.0.0" > <!-- <uses-permission android:name="android.permission.ACCESS_COARSE_LOCATION" /> -->
6    <uses-sdk
7        android:minSdkVersion="21"
7-->src\main\AndroidManifest.xml
8        android:targetSdkVersion="31" />
8-->src\main\AndroidManifest.xml
9
10    <uses-permission android:name="android.permission.INTERNET" />
10-->src\main\AndroidManifest.xml:45:5-66
10-->src\main\AndroidManifest.xml:45:22-64
11    <uses-permission android:name="android.permission.ACCESS_FINE_LOCATION" />
11-->src\main\AndroidManifest.xml:46:5-79
11-->src\main\AndroidManifest.xml:46:22-76
12    <uses-permission android:name="android.permission.CAMERA" />
12-->[:camera] AndroidManifest.xml:9:5-65
12-->[:camera] AndroidManifest.xml:9:22-62
13    <uses-permission android:name="android.permission.RECORD_AUDIO" />
13-->[:camera] AndroidManifest.xml:10:5-71
13-->[:camera] AndroidManifest.xml:10:22-68
14    <uses-permission android:name="android.permission.ACCESS_NETWORK_STATE" />
14-->[:connectivity] AndroidManifest.xml:7:5-79
14-->[:connectivity] AndroidManifest.xml:7:22-76
15
16    <uses-feature
16-->[com.google.android.gms:play-services-maps:17.0.0] AndroidManifest.xml:26:5-28:35
17        android:glEsVersion="0x00020000"
17-->[com.google.android.gms:play-services-maps:17.0.0] AndroidManifest.xml:27:9-41
18        android:required="true" />
18-->[com.google.android.gms:play-services-maps:17.0.0] AndroidManifest.xml:28:9-32
19
20    <application
20-->src\main\AndroidManifest.xml:3:4-44:19
21        android:appComponentFactory="androidx.core.app.CoreComponentFactory"
21-->[androidx.core:core:1.1.0] AndroidManifest.xml:24:18-86
22        android:icon="@mipmap/launcher_icon"
22-->src\main\AndroidManifest.xml:5:9-45
23        android:label="natura_app" >
23-->src\main\AndroidManifest.xml:4:9-35
24        <meta-data
24-->src\main\AndroidManifest.xml:7:10-8:74
25            android:name="com.google.android.maps.v2.API_KEY"
25-->src\main\AndroidManifest.xml:7:21-70
26            android:value="AIzaSyAtxvXVhbzV9OTwZh8UxVsW2A58WYf-Btc" />
26-->src\main\AndroidManifest.xml:8:16-71
27
28        <activity
28-->src\main\AndroidManifest.xml:10:9-38:20
29            android:name="com.luisnu.natura_app.MainActivity"
29-->src\main\AndroidManifest.xml:11:13-41
30            android:configChanges="orientation|keyboardHidden|keyboard|screenSize|smallestScreenSize|locale|layoutDirection|fontScale|screenLayout|density|uiMode"
30-->src\main\AndroidManifest.xml:14:13-163
31            android:hardwareAccelerated="true"
31-->src\main\AndroidManifest.xml:15:13-47
32            android:launchMode="singleTop"
32-->src\main\AndroidManifest.xml:12:13-43
33            android:theme="@style/LaunchTheme"
33-->src\main\AndroidManifest.xml:13:13-47
34            android:windowSoftInputMode="adjustResize" >
34-->src\main\AndroidManifest.xml:16:13-55
35
36            <!--
37                 Specifies an Android theme to apply to this Activity as soon as
38                 the Android process has started. This theme is visible to the user
39                 while the Flutter UI initializes. After that, this theme continues
40                 to determine the Window background behind the Flutter UI.
41            -->
42            <meta-data
42-->src\main\AndroidManifest.xml:21:13-24:17
43                android:name="io.flutter.embedding.android.NormalTheme"
43-->src\main\AndroidManifest.xml:22:15-70
44                android:resource="@style/NormalTheme" />
44-->src\main\AndroidManifest.xml:23:15-52
45            <!--
46                 Displays an Android View that continues showing the launch screen
47                 Drawable until Flutter paints its first frame, then this splash
48                 screen fades out. A splash screen is useful to avoid any visual
49                 gap between the end of Android's launch screen and the painting of
50                 Flutter's first frame.
51            -->
52            <meta-data
52-->src\main\AndroidManifest.xml:30:13-33:17
53                android:name="io.flutter.embedding.android.SplashScreenDrawable"
53-->src\main\AndroidManifest.xml:31:15-79
54                android:resource="@drawable/launch_background" />
54-->src\main\AndroidManifest.xml:32:15-61
55
56            <intent-filter>
56-->src\main\AndroidManifest.xml:34:13-37:29
57                <action android:name="android.intent.action.MAIN" />
57-->src\main\AndroidManifest.xml:35:17-68
57-->src\main\AndroidManifest.xml:35:25-66
58
59                <category android:name="android.intent.category.LAUNCHER" />
59-->src\main\AndroidManifest.xml:36:17-76
59-->src\main\AndroidManifest.xml:36:27-74
60            </intent-filter>
61        </activity>
62        <!--
63             Don't delete the meta-data below.
64             This is used by the Flutter tool to generate GeneratedPluginRegistrant.java
65        -->
66        <meta-data
66-->src\main\AndroidManifest.xml:41:9-43:33
67            android:name="flutterEmbedding"
67-->src\main\AndroidManifest.xml:42:13-44
68            android:value="2" />
68-->src\main\AndroidManifest.xml:43:13-30
69
70        <provider
70-->[:image_picker] AndroidManifest.xml:8:9-16:20
71            android:name="io.flutter.plugins.imagepicker.ImagePickerFileProvider"
71-->[:image_picker] AndroidManifest.xml:9:13-82
72            android:authorities="com.luisnu.natura_app.flutter.image_provider"
72-->[:image_picker] AndroidManifest.xml:10:13-74
73            android:exported="false"
73-->[:image_picker] AndroidManifest.xml:11:13-37
74            android:grantUriPermissions="true" >
74-->[:image_picker] AndroidManifest.xml:12:13-47
75            <meta-data
75-->[:image_picker] AndroidManifest.xml:13:13-15:75
76                android:name="android.support.FILE_PROVIDER_PATHS"
76-->[:image_picker] AndroidManifest.xml:14:17-67
77                android:resource="@xml/flutter_image_picker_file_paths" />
77-->[:image_picker] AndroidManifest.xml:15:17-72
78        </provider> <!-- Needs to be explicitly declared on P+ -->
79        <uses-library
79-->[com.google.android.gms:play-services-maps:17.0.0] AndroidManifest.xml:33:9-35:40
80            android:name="org.apache.http.legacy"
80-->[com.google.android.gms:play-services-maps:17.0.0] AndroidManifest.xml:34:13-50
81            android:required="false" />
81-->[com.google.android.gms:play-services-maps:17.0.0] AndroidManifest.xml:35:13-37
82
83        <activity
83-->[com.google.android.gms:play-services-base:17.0.0] AndroidManifest.xml:23:9-26:75
84            android:name="com.google.android.gms.common.api.GoogleApiActivity"
84-->[com.google.android.gms:play-services-base:17.0.0] AndroidManifest.xml:24:13-79
85            android:exported="false"
85-->[com.google.android.gms:play-services-base:17.0.0] AndroidManifest.xml:25:13-37
86            android:theme="@android:style/Theme.Translucent.NoTitleBar" />
86-->[com.google.android.gms:play-services-base:17.0.0] AndroidManifest.xml:26:13-72
87
88        <meta-data
88-->[com.google.android.gms:play-services-basement:17.0.0] AndroidManifest.xml:23:9-25:69
89            android:name="com.google.android.gms.version"
89-->[com.google.android.gms:play-services-basement:17.0.0] AndroidManifest.xml:24:13-58
90            android:value="@integer/google_play_services_version" />
90-->[com.google.android.gms:play-services-basement:17.0.0] AndroidManifest.xml:25:13-66
91    </application>
92
93</manifest>